<?xml version="1.0" encoding="UTF-8"?>
<testng-results ignored="0" total="1" passed="1" failed="0" skipped="0">
  <reporter-output>
  </reporter-output>
  <suite started-at="2025-06-29T21:48:31 IST" name="Default suite" finished-at="2025-06-29T21:48:34 IST" duration-ms="3921">
    <groups>
    </groups>
    <test started-at="2025-06-29T21:48:31 IST" name="Default test" finished-at="2025-06-29T21:48:34 IST" duration-ms="3921">
      <class name="practice.GetJSONArrayExample">
        <test-method signature="validateJsonArrayResponse()[pri:0, instance:practice.GetJSONArrayExample@4dbb42b7]" started-at="2025-06-29T21:48:31 IST" name="validateJsonArrayResponse" finished-at="2025-06-29T21:48:34 IST" duration-ms="3813" status="PASS">
          <reporter-output>
          </reporter-output>
        </test-method> <!-- validateJsonArrayResponse -->
      </class> <!-- practice.GetJSONArrayExample -->
    </test> <!-- Default test -->
  </suite> <!-- Default suite -->
</testng-results>
